04:47:07.281 [main] INFO  api.test.UserTests - ********** Creating user **********
04:47:12.213 [main] INFO  api.test.UserTests - ********** User is created **********
04:47:12.243 [main] INFO  api.test.UserTests - ********** Reading User Info **********
04:47:13.750 [main] INFO  api.test.UserTests - ********** Updating user **********
04:47:15.140 [main] INFO  api.test.UserTests - ********** User is updated **********
04:47:16.509 [main] INFO  api.test.UserTests - ********** Deleting user **********
04:47:36.697 [main] INFO  api.test.UserTests - ********** Creating user **********
04:47:41.008 [main] INFO  api.test.UserTests - ********** User is created **********
04:47:41.034 [main] INFO  api.test.UserTests - ********** Reading User Info **********
04:47:42.578 [main] INFO  api.test.UserTests - ********** User Info is displayed **********
04:47:42.585 [main] INFO  api.test.UserTests - ********** Updating user **********
04:47:43.970 [main] INFO  api.test.UserTests - ********** User is updated **********
04:47:45.349 [main] INFO  api.test.UserTests - ********** Deleting user **********
04:50:54.650 [main] INFO  api.test.UserTests - ********** Creating user **********
04:50:58.918 [main] INFO  api.test.UserTests - ********** User is created **********
04:50:58.941 [main] INFO  api.test.UserTests - ********** Reading User Info **********
04:51:00.530 [main] INFO  api.test.UserTests - ********** User Info is displayed **********
04:51:00.537 [main] INFO  api.test.UserTests - ********** Updating user **********
04:51:02.026 [main] INFO  api.test.UserTests - ********** User is updated **********
04:51:03.566 [main] INFO  api.test.UserTests - ********** Deleting user **********
05:32:38.420 [main] INFO  api.test.UserTests - ********** Creating user **********
05:32:42.696 [main] INFO  api.test.UserTests - ********** User is created **********
05:32:42.716 [main] INFO  api.test.UserTests - ********** Reading User Info **********
05:32:44.181 [main] INFO  api.test.UserTests - ********** User Info is displayed **********
05:32:44.194 [main] INFO  api.test.UserTests - ********** Updating user **********
05:32:45.620 [main] INFO  api.test.UserTests - ********** User is updated **********
05:32:47.016 [main] INFO  api.test.UserTests - ********** Deleting user **********
05:32:48.402 [main] INFO  api.test.UserTests - ********** User Deleted **********
23:27:36.859 [main] INFO  api.test.UserTests2 - ********** Creating user **********
23:27:42.027 [main] INFO  api.test.UserTests2 - ********** User is created **********
23:27:42.054 [main] INFO  api.test.UserTests2 - ********** Reading User Info **********
23:27:42.068 [main] INFO  api.test.UserTests2 - ********** Updating user **********
23:27:42.074 [main] INFO  api.test.UserTests2 - ********** Deleting user **********
23:30:47.235 [main] INFO  api.test.UserTests2 - ********** Creating user **********
23:30:51.499 [main] INFO  api.test.UserTests2 - ********** User is created **********
23:30:51.515 [main] INFO  api.test.UserTests2 - ********** Reading User Info **********
23:30:51.531 [main] INFO  api.test.UserTests2 - ********** Updating user **********
23:30:51.531 [main] INFO  api.test.UserTests2 - ********** Deleting user **********
23:30:53.110 [main] INFO  api.test.UserTests2 - ********** User Deleted **********
23:33:03.658 [main] INFO  api.test.UserTests2 - ********** Creating user **********
23:33:08.414 [main] INFO  api.test.UserTests2 - ********** User is created **********
23:33:08.445 [main] INFO  api.test.UserTests2 - ********** Reading User Info **********
23:33:08.461 [main] INFO  api.test.UserTests2 - ********** Updating user **********
23:33:08.461 [main] INFO  api.test.UserTests2 - ********** Deleting user **********
23:33:46.212 [main] INFO  api.test.UserTests2 - ********** Creating user **********
23:33:50.288 [main] INFO  api.test.UserTests2 - ********** User is created **********
23:33:50.304 [main] INFO  api.test.UserTests2 - ********** Reading User Info **********
23:33:50.304 [main] INFO  api.test.UserTests2 - ********** Updating user **********
23:33:50.319 [main] INFO  api.test.UserTests2 - ********** Deleting user **********
23:33:51.909 [main] INFO  api.test.UserTests2 - ********** User Deleted **********
23:34:21.068 [main] INFO  api.test.UserTests2 - ********** Creating user **********
23:34:25.095 [main] INFO  api.test.UserTests2 - ********** User is created **********
23:34:25.126 [main] INFO  api.test.UserTests2 - ********** Reading User Info **********
23:34:25.126 [main] INFO  api.test.UserTests2 - ********** Updating user **********
23:34:25.142 [main] INFO  api.test.UserTests2 - ********** Deleting user **********
23:39:04.125 [main] INFO  api.test.UserTests2 - ********** Creating user **********
23:39:08.546 [main] INFO  api.test.UserTests2 - ********** User is created **********
23:39:08.577 [main] INFO  api.test.UserTests2 - ********** Reading User Info **********
23:39:10.235 [main] INFO  api.test.UserTests2 - ********** Updating user **********
23:39:11.757 [main] INFO  api.test.UserTests2 - ********** User is updated **********
23:39:13.227 [main] INFO  api.test.UserTests2 - ********** Deleting user **********
23:39:14.713 [main] INFO  api.test.UserTests2 - ********** User Deleted **********
23:41:00.957 [main] INFO  api.test.UserTests2 - ********** Creating user **********
23:41:05.077 [main] INFO  api.test.UserTests2 - ********** User is created **********
23:41:05.092 [main] INFO  api.test.UserTests2 - ********** Reading User Info **********
23:41:06.720 [main] INFO  api.test.UserTests2 - ********** User Info is displayed **********
23:41:06.720 [main] INFO  api.test.UserTests2 - ********** Updating user **********
23:41:08.244 [main] INFO  api.test.UserTests2 - ********** User is updated **********
23:41:09.761 [main] INFO  api.test.UserTests2 - ********** Deleting user **********
23:41:11.214 [main] INFO  api.test.UserTests2 - ********** User Deleted **********
00:11:59.325 [main] INFO  api.test.UserTests2 - ********** Creating user **********
00:12:03.517 [main] INFO  api.test.UserTests2 - ********** User is created **********
00:12:03.531 [main] INFO  api.test.UserTests2 - ********** Reading User Info **********
00:12:05.367 [main] INFO  api.test.UserTests2 - ********** Updating user **********
00:12:06.910 [main] INFO  api.test.UserTests2 - ********** User is updated **********
00:12:08.442 [main] INFO  api.test.UserTests2 - ********** Deleting user **********
00:12:09.931 [main] INFO  api.test.UserTests2 - ********** User Deleted **********
00:12:29.526 [main] INFO  api.test.UserTests2 - ********** Creating user **********
00:12:33.481 [main] INFO  api.test.UserTests2 - ********** User is created **********
00:12:33.529 [main] INFO  api.test.UserTests2 - ********** Reading User Info **********
00:12:35.141 [main] INFO  api.test.UserTests2 - ********** User Info is displayed **********
00:12:35.149 [main] INFO  api.test.UserTests2 - ********** Updating user **********
00:12:36.696 [main] INFO  api.test.UserTests2 - ********** User is updated **********
00:12:38.207 [main] INFO  api.test.UserTests2 - ********** Deleting user **********
00:12:39.738 [main] INFO  api.test.UserTests2 - ********** User Deleted **********
00:21:48.761 [main] INFO  api.test.UserTests2 - ********** Creating user **********
00:21:52.833 [main] INFO  api.test.UserTests2 - ********** User is created **********
00:21:52.854 [main] INFO  api.test.UserTests2 - ********** Reading User Info **********
00:21:54.531 [main] INFO  api.test.UserTests2 - ********** Updating user **********
00:21:56.025 [main] INFO  api.test.UserTests2 - ********** User is updated **********
00:21:57.538 [main] INFO  api.test.UserTests2 - ********** Deleting user **********
00:21:59.055 [main] INFO  api.test.UserTests2 - ********** User Deleted **********
00:27:49.242 [main] INFO  api.test.UserTests2 - ********** Creating user **********
00:27:53.870 [main] INFO  api.test.UserTests2 - ********** User is created **********
00:27:53.893 [main] INFO  api.test.UserTests2 - ********** Reading User Info **********
00:27:55.505 [main] INFO  api.test.UserTests2 - ********** Updating user **********
00:27:57.047 [main] INFO  api.test.UserTests2 - ********** User is updated **********
00:27:58.540 [main] INFO  api.test.UserTests2 - ********** Deleting user **********
00:33:04.085 [main] INFO  api.test.UserTests2 - ********** Creating user **********
00:33:08.059 [main] INFO  api.test.UserTests2 - ********** User is created **********
00:33:08.090 [main] INFO  api.test.UserTests2 - ********** Reading User Info **********
00:33:09.715 [main] INFO  api.test.UserTests2 - ********** Updating user **********
00:33:11.253 [main] INFO  api.test.UserTests2 - ********** User is updated **********
00:33:12.800 [main] INFO  api.test.UserTests2 - ********** Deleting user **********
00:33:14.301 [main] INFO  api.test.UserTests2 - ********** User Deleted **********
00:40:33.725 [main] INFO  api.test.UserTests2 - ********** Creating user **********
00:40:37.818 [main] INFO  api.test.UserTests2 - ********** User is created **********
00:40:37.840 [main] INFO  api.test.UserTests2 - ********** Reading User Info **********
00:40:37.985 [main] INFO  api.test.UserTests2 - ********** Updating user **********
00:40:39.521 [main] INFO  api.test.UserTests2 - ********** User is updated **********
00:40:39.551 [main] INFO  api.test.UserTests2 - ********** Deleting user **********
00:40:41.076 [main] INFO  api.test.UserTests2 - ********** User Deleted **********
00:43:45.384 [main] INFO  api.test.UserTests2 - ********** Creating user **********
00:43:47.516 [main] INFO  api.test.UserTests2 - ********** Reading User Info **********
00:43:47.619 [main] INFO  api.test.UserTests2 - ********** Updating user **********
00:43:47.651 [main] INFO  api.test.UserTests2 - ********** Deleting user **********
00:44:58.884 [main] INFO  api.test.UserTests2 - ********** Creating user **********
00:45:01.078 [main] INFO  api.test.UserTests2 - ********** Reading User Info **********
00:45:01.187 [main] INFO  api.test.UserTests2 - ********** Updating user **********
00:45:01.218 [main] INFO  api.test.UserTests2 - ********** Deleting user **********
00:47:22.823 [main] INFO  api.test.UserTests2 - ********** Creating user **********
00:47:25.352 [main] INFO  api.test.UserTests2 - ********** Reading User Info **********
00:47:25.477 [main] INFO  api.test.UserTests2 - ********** Updating user **********
00:47:25.555 [main] INFO  api.test.UserTests2 - ********** Deleting user **********
01:14:34.760 [main] INFO  api.test.UserTests2 - ********** Creating user **********
01:14:37.713 [main] INFO  api.test.UserTests2 - ********** Reading User Info **********
01:14:37.838 [main] INFO  api.test.UserTests2 - ********** Updating user **********
01:14:37.885 [main] INFO  api.test.UserTests2 - ********** Deleting user **********
01:18:07.308 [main] INFO  api.test.UserTests2 - ********** Creating user **********
01:18:09.246 [main] INFO  api.test.UserTests2 - ********** Reading User Info **********
01:18:09.339 [main] INFO  api.test.UserTests2 - ********** Updating user **********
01:18:09.356 [main] INFO  api.test.UserTests2 - ********** Deleting user **********
04:38:59.766 [main] INFO  api.test.UserTests2 - ********** Creating user **********
04:39:02.398 [main] INFO  api.test.UserTests2 - ********** Reading User Info **********
04:39:02.619 [main] INFO  api.test.UserTests2 - ********** Updating user **********
04:39:02.788 [main] INFO  api.test.UserTests2 - ********** Deleting user **********
04:39:32.726 [main] INFO  api.test.UserTests - ********** Creating user **********
04:39:37.066 [main] INFO  api.test.UserTests - ********** User is created **********
04:39:37.088 [main] INFO  api.test.UserTests - ********** Reading User Info **********
04:39:38.814 [main] INFO  api.test.UserTests - ********** User Info is displayed **********
04:39:38.822 [main] INFO  api.test.UserTests - ********** Updating user **********
04:39:40.435 [main] INFO  api.test.UserTests - ********** User is updated **********
04:39:42.122 [main] INFO  api.test.UserTests - ********** Deleting user **********
04:39:43.778 [main] INFO  api.test.UserTests - ********** User Deleted **********
23:23:03.028 [main] INFO  api.test.UserTests - ********** Creating user **********
23:23:07.775 [main] INFO  api.test.UserTests - ********** User is created **********
23:23:07.795 [main] INFO  api.test.UserTests - ********** Reading User Info **********
23:23:09.503 [main] INFO  api.test.UserTests - ********** Updating user **********
23:23:11.174 [main] INFO  api.test.UserTests - ********** User is updated **********
23:23:13.263 [main] INFO  api.test.UserTests - ********** Deleting user **********
23:26:04.313 [main] INFO  api.test.UserTests - ********** Creating user **********
23:26:09.033 [main] INFO  api.test.UserTests - ********** User is created **********
23:26:09.054 [main] INFO  api.test.UserTests - ********** Reading User Info **********
23:26:10.653 [main] INFO  api.test.UserTests - ********** User Info is displayed **********
23:26:10.663 [main] INFO  api.test.UserTests - ********** Updating user **********
23:26:12.454 [main] INFO  api.test.UserTests - ********** User is updated **********
23:26:13.897 [main] INFO  api.test.UserTests - ********** Deleting user **********
23:26:15.974 [main] INFO  api.test.UserTests - ********** User Deleted **********
23:26:41.008 [main] INFO  api.test.UserTests2 - ********** Creating user **********
23:26:43.828 [main] INFO  api.test.UserTests2 - ********** Reading User Info **********
23:26:43.998 [main] INFO  api.test.UserTests2 - ********** Updating user **********
23:26:44.108 [main] INFO  api.test.UserTests2 - ********** Deleting user **********
23:26:59.973 [main] INFO  api.test.UserTests2 - ********** Creating user **********
23:27:02.798 [main] INFO  api.test.UserTests2 - ********** Reading User Info **********
23:27:03.023 [main] INFO  api.test.UserTests2 - ********** Updating user **********
23:27:03.156 [main] INFO  api.test.UserTests2 - ********** Deleting user **********
23:30:11.778 [main] INFO  api.test.UserTests2 - ********** Creating user **********
23:30:14.484 [main] INFO  api.test.UserTests2 - ********** Reading User Info **********
23:30:14.618 [main] INFO  api.test.UserTests2 - ********** Updating user **********
23:30:14.661 [main] INFO  api.test.UserTests2 - ********** Deleting user **********
23:38:58.945 [main] INFO  api.test.UserTests2 - ********** Creating user **********
23:39:01.548 [main] INFO  api.test.UserTests2 - ********** Reading User Info **********
23:39:01.688 [main] INFO  api.test.UserTests2 - ********** Updating user **********
23:39:01.746 [main] INFO  api.test.UserTests2 - ********** Deleting user **********
23:42:52.713 [main] INFO  api.test.UserTests2 - ********** Creating user **********
23:42:55.333 [main] INFO  api.test.UserTests2 - ********** Reading User Info **********
23:42:55.468 [main] INFO  api.test.UserTests2 - ********** Updating user **********
23:42:55.513 [main] INFO  api.test.UserTests2 - ********** Deleting user **********
23:43:59.313 [main] INFO  api.test.UserTests2 - ********** Creating user **********
23:44:02.348 [main] INFO  api.test.UserTests2 - ********** Reading User Info **********
23:44:02.468 [main] INFO  api.test.UserTests2 - ********** Updating user **********
23:44:02.524 [main] INFO  api.test.UserTests2 - ********** Deleting user **********
23:44:57.508 [main] INFO  api.test.UserTests - ********** Creating user **********
23:45:02.033 [main] INFO  api.test.UserTests - ********** User is created **********
23:45:02.056 [main] INFO  api.test.UserTests - ********** Reading User Info **********
23:45:03.774 [main] INFO  api.test.UserTests - ********** Updating user **********
23:45:05.467 [main] INFO  api.test.UserTests - ********** User is updated **********
23:45:07.130 [main] INFO  api.test.UserTests - ********** Deleting user **********
23:45:08.743 [main] INFO  api.test.UserTests - ********** User Deleted **********
23:45:26.263 [main] INFO  api.test.UserTests - ********** Creating user **********
23:45:30.528 [main] INFO  api.test.UserTests - ********** User is created **********
23:45:30.553 [main] INFO  api.test.UserTests - ********** Reading User Info **********
23:45:32.288 [main] INFO  api.test.UserTests - ********** User Info is displayed **********
23:45:32.293 [main] INFO  api.test.UserTests - ********** Updating user **********
23:45:33.933 [main] INFO  api.test.UserTests - ********** User is updated **********
23:45:35.568 [main] INFO  api.test.UserTests - ********** Deleting user **********
23:45:37.173 [main] INFO  api.test.UserTests - ********** User Deleted **********
23:54:37.223 [main] INFO  api.test.UserTests2 - ********** Creating user **********
23:54:41.843 [main] INFO  api.test.UserTests2 - ********** User is created **********
23:54:41.859 [main] INFO  api.test.UserTests2 - ********** Reading User Info **********
23:54:43.563 [main] INFO  api.test.UserTests2 - ********** User Info is displayed **********
23:54:43.567 [main] INFO  api.test.UserTests2 - ********** Updating user **********
23:54:45.255 [main] INFO  api.test.UserTests2 - ********** User is updated **********
23:54:46.934 [main] INFO  api.test.UserTests2 - ********** Deleting user **********
23:54:48.583 [main] INFO  api.test.UserTests2 - ********** User Deleted **********
23:55:13.496 [main] INFO  api.test.UserTests2 - ********** Creating user **********
23:55:17.806 [main] INFO  api.test.UserTests2 - ********** User is created **********
23:55:17.823 [main] INFO  api.test.UserTests2 - ********** Reading User Info **********
23:55:19.538 [main] INFO  api.test.UserTests2 - ********** User Info is displayed **********
23:55:19.543 [main] INFO  api.test.UserTests2 - ********** Updating user **********
23:55:21.195 [main] INFO  api.test.UserTests2 - ********** User is updated **********
23:55:22.858 [main] INFO  api.test.UserTests2 - ********** Deleting user **********
23:55:24.454 [main] INFO  api.test.UserTests2 - ********** User Deleted **********
23:56:06.960 [main] INFO  api.test.UserTests2 - ********** Creating user **********
23:56:11.154 [main] INFO  api.test.UserTests2 - ********** User is created **********
23:56:11.174 [main] INFO  api.test.UserTests2 - ********** Reading User Info **********
23:56:12.966 [main] INFO  api.test.UserTests2 - ********** User Info is displayed **********
23:56:12.966 [main] INFO  api.test.UserTests2 - ********** Updating user **********
23:56:14.636 [main] INFO  api.test.UserTests2 - ********** User is updated **********
23:56:16.289 [main] INFO  api.test.UserTests2 - ********** Deleting user **********
23:56:17.938 [main] INFO  api.test.UserTests2 - ********** User Deleted **********
00:13:14.005 [main] INFO  api.test.UserTests2 - ********** Creating user **********
00:13:18.478 [main] INFO  api.test.UserTests2 - ********** User is created **********
00:13:18.503 [main] INFO  api.test.UserTests2 - ********** Reading User Info **********
00:13:20.265 [main] INFO  api.test.UserTests2 - ********** Updating user **********
00:13:21.929 [main] INFO  api.test.UserTests2 - ********** User is updated **********
00:13:23.538 [main] INFO  api.test.UserTests2 - ********** Deleting user **********
00:13:25.158 [main] INFO  api.test.UserTests2 - ********** User Deleted **********
